<?xml version="1.0" encoding="UTF-8"?>
<!-- Generated by org.testng.reporters.JUnitReportReporter -->
<testsuite hostname="TG5CD2141TFJ" failures="0" tests="1" name="test.java.main.HomePageTests" time="4.762" errors="0" timestamp="2023-08-23T21:32:07 CLT" skipped="0">
  <testcase classname="test.java.main.HomePageTests" name="obtenerSegundoResultado" time="4.762"/>
  <system-out/>
</testsuite> <!-- test.java.main.HomePageTests -->
